<?xml version="1.0" encoding="UTF-8" ?>
<testsuite errors="0" failures="0" hostname="fractal" name="org.me.CKLib.MyMathsTest" skipped="0" tests="7" time="0.062" timestamp="2021-03-11T09:02:58">
  <properties>
[...]
</properties>
  <testcase classname="org.me.CKLib.MyMathsTest" name="testAbs" time="0.001" />
  <testcase classname="org.me.CKLib.MyMathsTest" name="testFloor" time="0.0" />
  <testcase classname="org.me.CKLib.MyMathsTest" name="testPower" time="0.0" />
  <testcase classname="org.me.CKLib.MyMathsTest" name="testRound" time="0.0" />
  <testcase classname="org.me.CKLib.MyMathsTest" name="testCeil" time="0.0" />
  <testcase classname="org.me.CKLib.MyMathsTest" name="testFindRoot" time="0.0" />
  <testcase classname="org.me.CKLib.MyMathsTest" name="testMonthlyInterestRate" time="0.0" />
  <system-out><![CDATA[abs
floor
power
round
ceil
findRoot
monthlyInterestRate
]]></system-out>
  <system-err><![CDATA[]]></system-err>
</testsuite>
